<?xml version="1.0" encoding="UTF-8"?>
<coverage generated="1665118740682" clover="3.2.0">
  <project timestamp="1665118740682" name="All files">
    <metrics statements="17" coveredstatements="17" conditionals="0" coveredconditionals="0" methods="6" coveredmethods="6" elements="23" coveredelements="23" complexity="0" loc="17" ncloc="17" packages="1" files="2" classes="2"/>
    <file name="Dashboard.js" path="/home/tharindu.danushka/Office/Login-Page/src/Components/Dashboard.js">
      <metrics statements="2" coveredstatements="2" conditionals="0" coveredconditionals="0" methods="1" coveredmethods="1"/>
      <line num="4" count="1" type="stmt"/>
      <line num="5" count="1" type="stmt"/>
    </file>
    <file name="Login.js" path="/home/tharindu.danushka/Office/Login-Page/src/Components/Login.js">
      <metrics statements="15" coveredstatements="15" conditionals="0" coveredconditionals="0" methods="5" coveredmethods="5"/>
      <line num="8" count="3" type="stmt"/>
      <line num="9" count="3" type="stmt"/>
      <line num="20" count="20" type="stmt"/>
      <line num="21" count="20" type="stmt"/>
      <line num="25" count="20" type="stmt"/>
      <line num="27" count="3" type="stmt"/>
      <line num="29" count="3" type="stmt"/>
      <line num="33" count="3" type="stmt"/>
      <line num="34" count="3" type="stmt"/>
      <line num="36" count="3" type="stmt"/>
      <line num="45" count="3" type="stmt"/>
      <line num="49" count="20" type="stmt"/>
      <line num="59" count="5" type="stmt"/>
      <line num="70" count="5" type="stmt"/>
      <line num="81" count="1" type="stmt"/>
    </file>
  </project>
</coverage>
