{"/home/tharindu.danushka/Office/Login-Page/src/Components/Dashboard.js": {"path":"/home/tharindu.danushka/Office/Login-Page/src/Components/Dashboard.js","statementMap":{"0":{"start":{"line":4,"column":18},"end":{"line":20,"column":1}},"1":{"start":{"line":5,"column":4},"end":{"line":19,"column":5}}},"fnMap":{"0":{"name":"(anonymous_0)","decl":{"start":{"line":4,"column":18},"end":{"line":4,"column":19}},"loc":{"start":{"line":4,"column":24},"end":{"line":20,"column":1}},"line":4}},"branchMap":{},"s":{"0":1,"1":1},"f":{"0":1},"b":{},"_coverageSchema":"1a1c01bbd47fc00a2c39e90264f33305004495a9","hash":"6cb6b6cede9ccc61d2dd459fb70d37b035cc6438"}
,"/home/tharindu.danushka/Office/Login-Page/src/Components/Login.js": {"path":"/home/tharindu.danushka/Office/Login-Page/src/Components/Login.js","statementMap":{"0":{"start":{"line":8,"column":4},"end":{"line":8,"column":49}},"1":{"start":{"line":9,"column":4},"end":{"line":15,"column":6}},"2":{"start":{"line":20,"column":28},"end":{"line":20,"column":40}},"3":{"start":{"line":21,"column":28},"end":{"line":21,"column":40}},"4":{"start":{"line":25,"column":25},"end":{"line":46,"column":5}},"5":{"start":{"line":27,"column":8},"end":{"line":27,"column":27}},"6":{"start":{"line":29,"column":23},"end":{"line":32,"column":10}},"7":{"start":{"line":33,"column":23},"end":{"line":33,"column":36}},"8":{"start":{"line":34,"column":29},"end":{"line":34,"column":48}},"9":{"start":{"line":36,"column":8},"end":{"line":36,"column":57}},"10":{"start":{"line":45,"column":8},"end":{"line":45,"column":37}},"11":{"start":{"line":49,"column":4},"end":{"line":77,"column":5}},"12":{"start":{"line":59,"column":35},"end":{"line":59,"column":58}},"13":{"start":{"line":70,"column":35},"end":{"line":70,"column":58}},"14":{"start":{"line":81,"column":0},"end":{"line":83,"column":2}}},"fnMap":{"0":{"name":"loginUser","decl":{"start":{"line":7,"column":15},"end":{"line":7,"column":24}},"loc":{"start":{"line":7,"column":38},"end":{"line":16,"column":1}},"line":7},"1":{"name":"Logpage","decl":{"start":{"line":18,"column":24},"end":{"line":18,"column":31}},"loc":{"start":{"line":18,"column":46},"end":{"line":79,"column":1}},"line":18},"2":{"name":"(anonymous_2)","decl":{"start":{"line":25,"column":25},"end":{"line":25,"column":26}},"loc":{"start":{"line":25,"column":36},"end":{"line":46,"column":5}},"line":25},"3":{"name":"(anonymous_3)","decl":{"start":{"line":59,"column":30},"end":{"line":59,"column":31}},"loc":{"start":{"line":59,"column":35},"end":{"line":59,"column":58}},"line":59},"4":{"name":"(anonymous_4)","decl":{"start":{"line":70,"column":30},"end":{"line":70,"column":31}},"loc":{"start":{"line":70,"column":35},"end":{"line":70,"column":58}},"line":70}},"branchMap":{},"s":{"0":3,"1":3,"2":20,"3":20,"4":20,"5":3,"6":3,"7":3,"8":3,"9":3,"10":3,"11":20,"12":5,"13":5,"14":1},"f":{"0":3,"1":20,"2":3,"3":5,"4":5},"b":{},"_coverageSchema":"1a1c01bbd47fc00a2c39e90264f33305004495a9","hash":"3906135c91c55a9484ec49338531b591f99e5eb4"}
}
