{"/home/tharindu.danushka/Office/Login-Page/src/actionTypes.js": {"path":"/home/tharindu.danushka/Office/Login-Page/src/actionTypes.js","statementMap":{"0":{"start":{"line":1,"column":21},"end":{"line":1,"column":28}}},"fnMap":{},"branchMap":{},"s":{"0":1},"f":{},"b":{},"_coverageSchema":"1a1c01bbd47fc00a2c39e90264f33305004495a9","hash":"d148a3623d3e7f3600ae7ae5b2f6fcc26276784b"}
,"/home/tharindu.danushka/Office/Login-Page/src/actions.js": {"path":"/home/tharindu.danushka/Office/Login-Page/src/actions.js","statementMap":{"0":{"start":{"line":3,"column":21},"end":{"line":8,"column":1}},"1":{"start":{"line":4,"column":4},"end":{"line":7,"column":5}}},"fnMap":{"0":{"name":"(anonymous_0)","decl":{"start":{"line":3,"column":21},"end":{"line":3,"column":22}},"loc":{"start":{"line":3,"column":32},"end":{"line":8,"column":1}},"line":3}},"branchMap":{},"s":{"0":1,"1":0},"f":{"0":0},"b":{},"_coverageSchema":"1a1c01bbd47fc00a2c39e90264f33305004495a9","hash":"93f4c878b1df1d2c6daaa91d4673765f8cc5eac2"}
,"/home/tharindu.danushka/Office/Login-Page/src/Components/Dashboard.js": {"path":"/home/tharindu.danushka/Office/Login-Page/src/Components/Dashboard.js","statementMap":{"0":{"start":{"line":4,"column":18},"end":{"line":20,"column":1}},"1":{"start":{"line":5,"column":4},"end":{"line":19,"column":5}}},"fnMap":{"0":{"name":"(anonymous_0)","decl":{"start":{"line":4,"column":18},"end":{"line":4,"column":19}},"loc":{"start":{"line":4,"column":24},"end":{"line":20,"column":1}},"line":4}},"branchMap":{},"s":{"0":1,"1":1},"f":{"0":1},"b":{},"_coverageSchema":"1a1c01bbd47fc00a2c39e90264f33305004495a9","hash":"6cb6b6cede9ccc61d2dd459fb70d37b035cc6438"}
,"/home/tharindu.danushka/Office/Login-Page/src/Components/Login.js": {"path":"/home/tharindu.danushka/Office/Login-Page/src/Components/Login.js","statementMap":{"0":{"start":{"line":14,"column":4},"end":{"line":20,"column":6}},"1":{"start":{"line":25,"column":28},"end":{"line":25,"column":40}},"2":{"start":{"line":26,"column":28},"end":{"line":26,"column":40}},"3":{"start":{"line":28,"column":21},"end":{"line":28,"column":34}},"4":{"start":{"line":30,"column":25},"end":{"line":50,"column":5}},"5":{"start":{"line":32,"column":8},"end":{"line":32,"column":27}},"6":{"start":{"line":34,"column":23},"end":{"line":37,"column":10}},"7":{"start":{"line":39,"column":23},"end":{"line":39,"column":36}},"8":{"start":{"line":41,"column":29},"end":{"line":41,"column":48}},"9":{"start":{"line":44,"column":8},"end":{"line":44,"column":43}},"10":{"start":{"line":46,"column":8},"end":{"line":46,"column":58}},"11":{"start":{"line":48,"column":8},"end":{"line":48,"column":37}},"12":{"start":{"line":53,"column":18},"end":{"line":53,"column":47}},"13":{"start":{"line":53,"column":41},"end":{"line":53,"column":46}},"14":{"start":{"line":54,"column":4},"end":{"line":56,"column":5}},"15":{"start":{"line":55,"column":8},"end":{"line":55,"column":52}},"16":{"start":{"line":63,"column":4},"end":{"line":90,"column":5}},"17":{"start":{"line":73,"column":35},"end":{"line":73,"column":58}},"18":{"start":{"line":84,"column":35},"end":{"line":84,"column":58}},"19":{"start":{"line":93,"column":0},"end":{"line":95,"column":2}},"20":{"start":{"line":99,"column":24},"end":{"line":103,"column":2}},"21":{"start":{"line":100,"column":4},"end":{"line":102,"column":6}},"22":{"start":{"line":105,"column":4},"end":{"line":105,"column":37}}},"fnMap":{"0":{"name":"loginUser","decl":{"start":{"line":12,"column":15},"end":{"line":12,"column":24}},"loc":{"start":{"line":12,"column":38},"end":{"line":21,"column":1}},"line":12},"1":{"name":"Logpage","decl":{"start":{"line":23,"column":24},"end":{"line":23,"column":31}},"loc":{"start":{"line":23,"column":46},"end":{"line":91,"column":1}},"line":23},"2":{"name":"(anonymous_2)","decl":{"start":{"line":30,"column":25},"end":{"line":30,"column":26}},"loc":{"start":{"line":30,"column":36},"end":{"line":50,"column":5}},"line":30},"3":{"name":"(anonymous_3)","decl":{"start":{"line":53,"column":30},"end":{"line":53,"column":31}},"loc":{"start":{"line":53,"column":41},"end":{"line":53,"column":46}},"line":53},"4":{"name":"(anonymous_4)","decl":{"start":{"line":73,"column":30},"end":{"line":73,"column":31}},"loc":{"start":{"line":73,"column":35},"end":{"line":73,"column":58}},"line":73},"5":{"name":"(anonymous_5)","decl":{"start":{"line":84,"column":30},"end":{"line":84,"column":31}},"loc":{"start":{"line":84,"column":35},"end":{"line":84,"column":58}},"line":84},"6":{"name":"(anonymous_6)","decl":{"start":{"line":99,"column":24},"end":{"line":99,"column":25}},"loc":{"start":{"line":99,"column":35},"end":{"line":103,"column":2}},"line":99}},"branchMap":{"0":{"loc":{"start":{"line":54,"column":4},"end":{"line":56,"column":5}},"type":"if","locations":[{"start":{"line":54,"column":4},"end":{"line":56,"column":5}},{"start":{},"end":{}}],"line":54}},"s":{"0":0,"1":40,"2":40,"3":40,"4":0,"5":0,"6":0,"7":0,"8":0,"9":0,"10":0,"11":0,"12":0,"13":0,"14":0,"15":0,"16":0,"17":0,"18":0,"19":1,"20":1,"21":0,"22":1},"f":{"0":0,"1":40,"2":0,"3":0,"4":0,"5":0,"6":0},"b":{"0":[0,0]},"_coverageSchema":"1a1c01bbd47fc00a2c39e90264f33305004495a9","hash":"064bd702c48fb7bd79fb314a1decde5ffe0ba461"}
,"/home/tharindu.danushka/Office/Login-Page/src/counter/Reducer.js": {"path":"/home/tharindu.danushka/Office/Login-Page/src/counter/Reducer.js","statementMap":{"0":{"start":{"line":4,"column":21},"end":{"line":6,"column":1}},"1":{"start":{"line":9,"column":28},"end":{"line":17,"column":1}},"2":{"start":{"line":10,"column":4},"end":{"line":16,"column":5}},"3":{"start":{"line":12,"column":12},"end":{"line":12,"column":52}},"4":{"start":{"line":15,"column":12},"end":{"line":15,"column":25}}},"fnMap":{"0":{"name":"(anonymous_0)","decl":{"start":{"line":9,"column":28},"end":{"line":9,"column":29}},"loc":{"start":{"line":9,"column":66},"end":{"line":17,"column":1}},"line":9}},"branchMap":{"0":{"loc":{"start":{"line":9,"column":38},"end":{"line":9,"column":58}},"type":"default-arg","locations":[{"start":{"line":9,"column":46},"end":{"line":9,"column":58}}],"line":9},"1":{"loc":{"start":{"line":10,"column":4},"end":{"line":16,"column":5}},"type":"switch","locations":[{"start":{"line":11,"column":8},"end":{"line":12,"column":52}},{"start":{"line":14,"column":8},"end":{"line":15,"column":25}}],"line":10}},"s":{"0":1,"1":1,"2":0,"3":0,"4":0},"f":{"0":0},"b":{"0":[0],"1":[0,0]},"_coverageSchema":"1a1c01bbd47fc00a2c39e90264f33305004495a9","hash":"e7d51149da2cd02f41d34b5d386162770b02048c"}
}
