TN:
SF:src/actionTypes.js
FNF:0
FNH:0
DA:1,1
LF:1
LH:1
BRF:0
BRH:0
end_of_record
TN:
SF:src/actions.js
FN:3,(anonymous_0)
FNF:1
FNH:0
FNDA:0,(anonymous_0)
DA:3,1
DA:4,0
LF:2
LH:1
BRF:0
BRH:0
end_of_record
TN:
SF:src/Components/Dashboard.js
FN:4,(anonymous_0)
FNF:1
FNH:1
FNDA:1,(anonymous_0)
DA:4,1
DA:5,1
LF:2
LH:2
BRF:0
BRH:0
end_of_record
TN:
SF:src/Components/Login.js
FN:11,loginUser
FN:22,Logpage
FN:29,(anonymous_2)
FN:49,(anonymous_3)
FN:62,(anonymous_4)
FN:73,(anonymous_5)
FNF:6
FNH:1
FNDA:0,loginUser
FNDA:40,Logpage
FNDA:0,(anonymous_2)
FNDA:0,(anonymous_3)
FNDA:0,(anonymous_4)
FNDA:0,(anonymous_5)
DA:12,0
DA:13,0
DA:24,40
DA:25,40
DA:27,40
DA:29,0
DA:31,0
DA:33,0
DA:38,0
DA:40,0
DA:42,0
DA:44,0
DA:46,0
DA:49,0
DA:50,0
DA:52,0
DA:62,0
DA:73,0
DA:82,1
LF:19
LH:4
BRF:0
BRH:0
end_of_record
TN:
SF:src/counter/Reducer.js
FN:8,(anonymous_0)
FNF:1
FNH:0
FNDA:0,(anonymous_0)
DA:4,1
DA:8,1
DA:9,0
DA:11,0
DA:14,0
LF:5
LH:2
BRDA:8,0,0,0
BRDA:9,1,0,0
BRDA:9,1,1,0
BRF:3
BRH:0
end_of_record
