TN:
SF:src/actionTypes.js
FNF:0
FNH:0
DA:1,1
LF:1
LH:1
BRF:0
BRH:0
end_of_record
TN:
SF:src/actions.js
FN:3,(anonymous_0)
FNF:1
FNH:0
FNDA:0,(anonymous_0)
DA:3,1
DA:4,0
LF:2
LH:1
BRF:0
BRH:0
end_of_record
TN:
SF:src/Components/Dashboard.js
FN:4,(anonymous_0)
FNF:1
FNH:1
FNDA:1,(anonymous_0)
DA:4,1
DA:5,1
LF:2
LH:2
BRF:0
BRH:0
end_of_record
TN:
SF:src/Components/Login.js
FN:12,loginUser
FN:23,Logpage
FN:30,(anonymous_2)
FN:53,(anonymous_3)
FN:73,(anonymous_4)
FN:84,(anonymous_5)
FN:99,(anonymous_6)
FNF:7
FNH:1
FNDA:0,loginUser
FNDA:40,Logpage
FNDA:0,(anonymous_2)
FNDA:0,(anonymous_3)
FNDA:0,(anonymous_4)
FNDA:0,(anonymous_5)
FNDA:0,(anonymous_6)
DA:14,0
DA:25,40
DA:26,40
DA:28,40
DA:30,0
DA:32,0
DA:34,0
DA:39,0
DA:41,0
DA:44,0
DA:46,0
DA:48,0
DA:53,0
DA:54,0
DA:55,0
DA:63,0
DA:73,0
DA:84,0
DA:93,1
DA:99,1
DA:100,0
DA:105,1
LF:22
LH:6
BRDA:54,0,0,0
BRDA:54,0,1,0
BRF:2
BRH:0
end_of_record
TN:
SF:src/counter/Reducer.js
FN:9,(anonymous_0)
FNF:1
FNH:0
FNDA:0,(anonymous_0)
DA:4,1
DA:9,1
DA:10,0
DA:12,0
DA:15,0
LF:5
LH:2
BRDA:9,0,0,0
BRDA:10,1,0,0
BRDA:10,1,1,0
BRF:3
BRH:0
end_of_record
